Build started 2017-5-19 14:37:48.
     1>Project "G:\Project\RemoteControl\RemoteControl\RemoteControl\RemoteControl\RemoteControl.vcxproj" on node 2 (Build target(s)).
     1>ClCompile:
         D:\Program Files (x86)\Microsoft Visual Studio 14.0\VC\bin\x86_amd64\CL.exe /c /ZI /nologo /W3 /WX- /Od /D _WINDOWS /D _DEBUG /D _UNICODE /D UNICODE /D _AFXDLL /Gm /EHsc /RTC1 /MDd /GS /fp:precise /Zc:wchar_t /Zc:forScope /Zc:inline /Yc"stdafx.h" /Fp"x64\Debug\RemoteControl.pch" /Fo"x64\Debug\\" /Fd"x64\Debug\vc140.pdb" /Gd /TP /errorReport:prompt stdafx.cpp
         stdafx.cpp
         Automatically linking with BCGCBPRO2510UD140.lib
         D:\Program Files (x86)\Microsoft Visual Studio 14.0\VC\bin\x86_amd64\CL.exe /c /ZI /nologo /W3 /WX- /Od /D _WINDOWS /D _DEBUG /D _UNICODE /D UNICODE /D _AFXDLL /Gm /EHsc /RTC1 /MDd /GS /fp:precise /Zc:wchar_t /Zc:forScope /Zc:inline /Yu"stdafx.h" /Fp"x64\Debug\RemoteControl.pch" /Fo"x64\Debug\\" /Fd"x64\Debug\vc140.pdb" /Gd /TP /errorReport:prompt IniFile.cpp MainFrm.cpp RemoteControl.cpp RemoteControlDoc.cpp RemoteControlView.cpp
         RemoteControlView.cpp
         RemoteControlDoc.cpp
         RemoteControl.cpp
         MainFrm.cpp
         IniFile.cpp
     1>g:\project\remotecontrol\remotecontrol\remotecontrol\remotecontrol\inifile.h(10): error C2440: 'default argument': cannot convert from 'const char [1]' to 'CString'
         g:\project\remotecontrol\remotecontrol\remotecontrol\remotecontrol\inifile.h(10): note: Constructor for class 'ATL::CStringT<wchar_t,StrTraitMFC_DLL<wchar_t,ATL::ChTraitsCRT<wchar_t>>>' is declared 'explicit'
     1>g:\project\remotecontrol\remotecontrol\remotecontrol\remotecontrol\inifile.cpp(12): error C2664: 'DWORD GetModuleFileNameW(HMODULE,LPWSTR,DWORD)': cannot convert argument 2 from 'char [260]' to 'LPWSTR'
         g:\project\remotecontrol\remotecontrol\remotecontrol\remotecontrol\inifile.cpp(12): note: Types pointed to are unrelated; conversion requires reinterpret_cast, C-style cast or function-style cast
     1>g:\project\remotecontrol\remotecontrol\remotecontrol\remotecontrol\inifile.cpp(13): warning C4267: '=': conversion from 'size_t' to 'int', possible loss of data
     1>g:\project\remotecontrol\remotecontrol\remotecontrol\remotecontrol\inifile.cpp(44): error C2440: 'default argument': cannot convert from 'const char [1]' to 'CString'
         g:\project\remotecontrol\remotecontrol\remotecontrol\remotecontrol\inifile.cpp(44): note: Constructor for class 'ATL::CStringT<wchar_t,StrTraitMFC_DLL<wchar_t,ATL::ChTraitsCRT<wchar_t>>>' is declared 'explicit'
     1>g:\project\remotecontrol\remotecontrol\remotecontrol\remotecontrol\inifile.cpp(50): error C2572: 'CIniFile::GetInt': redefinition of default argument: parameter 1
         g:\project\remotecontrol\remotecontrol\remotecontrol\remotecontrol\inifile.h(11): note: see declaration of 'CIniFile::GetInt'
     1>g:\project\remotecontrol\remotecontrol\remotecontrol\remotecontrol\inifile.cpp(54): error C2572: 'CIniFile::GetDWORD': redefinition of default argument: parameter 1
         g:\project\remotecontrol\remotecontrol\remotecontrol\remotecontrol\inifile.h(12): note: see declaration of 'CIniFile::GetDWORD'
     1>g:\project\remotecontrol\remotecontrol\remotecontrol\remotecontrol\inifile.cpp(57): error C2664: 'void ATL::CStringT<wchar_t,StrTraitMFC_DLL<wchar_t,ATL::ChTraitsCRT<wchar_t>>>::Format(UINT,...)': cannot convert argument 1 from 'const char [3]' to 'const wchar_t *'
         g:\project\remotecontrol\remotecontrol\remotecontrol\remotecontrol\inifile.cpp(57): note: Types pointed to are unrelated; conversion requires reinterpret_cast, C-style cast or function-style cast
     1>g:\project\remotecontrol\remotecontrol\remotecontrol\remotecontrol\inifile.cpp(59): error C2664: 'long atol(const char *)': cannot convert argument 1 from 'TCHAR [256]' to 'const char *'
         g:\project\remotecontrol\remotecontrol\remotecontrol\remotecontrol\inifile.cpp(59): note: Types pointed to are unrelated; conversion requires reinterpret_cast, C-style cast or function-style cast
     1>g:\project\remotecontrol\remotecontrol\remotecontrol\remotecontrol\inifile.cpp(69): error C2664: 'void ATL::CStringT<wchar_t,StrTraitMFC_DLL<wchar_t,ATL::ChTraitsCRT<wchar_t>>>::Format(UINT,...)': cannot convert argument 1 from 'const char [3]' to 'const wchar_t *'
         g:\project\remotecontrol\remotecontrol\remotecontrol\remotecontrol\inifile.cpp(69): note: Types pointed to are unrelated; conversion requires reinterpret_cast, C-style cast or function-style cast
     1>g:\project\remotecontrol\remotecontrol\remotecontrol\remotecontrol\inifile.cpp(75): error C2664: 'void ATL::CStringT<wchar_t,StrTraitMFC_DLL<wchar_t,ATL::ChTraitsCRT<wchar_t>>>::Format(UINT,...)': cannot convert argument 1 from 'const char [3]' to 'const wchar_t *'
         g:\project\remotecontrol\remotecontrol\remotecontrol\remotecontrol\inifile.cpp(75): note: Types pointed to are unrelated; conversion requires reinterpret_cast, C-style cast or function-style cast
     1>g:\project\remotecontrol\remotecontrol\remotecontrol\remotecontrol\inifile.cpp(81): error C2664: 'void ATL::CStringT<wchar_t,StrTraitMFC_DLL<wchar_t,ATL::ChTraitsCRT<wchar_t>>>::Format(UINT,...)': cannot convert argument 1 from 'const char [3]' to 'const wchar_t *'
         g:\project\remotecontrol\remotecontrol\remotecontrol\remotecontrol\inifile.cpp(81): note: Types pointed to are unrelated; conversion requires reinterpret_cast, C-style cast or function-style cast
         Generating Code...
     1>Done Building Project "G:\Project\RemoteControl\RemoteControl\RemoteControl\RemoteControl\RemoteControl.vcxproj" (Build target(s)) -- FAILED.

Build FAILED.

Time Elapsed 00:00:03.99
